Arguments: 
  /usr/local/Cellar/node/19.7.0/bin/node /usr/local/bin/yarn add react-native-config

PATH: 
  /Users/ncarrh/.gem/bin:/Users/ncarrh/.rbenv/shims:/Users/ncarrh/bin:/usr/local/bin:/usr/local/bin:/System/Cryptexes/App/usr/bin:/usr/bin:/bin:/usr/sbin:/sbin:/Library/Apple/usr/bin:/Users/ncarrh/.gem/bin:/Users/ncarrh/.rbenv/shims:/Users/ncarrh/bin:/Users/ncarrh/Library/Android/sdk/emulator:/Users/ncarrh/Library/Android/sdk/platform-tools:/Users/ncarrh/Library/Android/sdk/emulator:/Users/ncarrh/Library/Android/sdk/platform-tools

Yarn version: 
  1.22.19

Node version: 
  19.7.0

Platform: 
  darwin x64

Trace: 
  Error: getaddrinfo ENOTFOUND registry.yarnpkg.com
      at GetAddrInfoReqWrap.onlookup [as oncomplete] (node:dns:107:26)

npm manifest: 
  {
    "name": "movito-app",
    "version": "1.0.0",
    "main": "node_modules/expo/AppEntry.js",
    "scripts": {
      "start": "expo start",
      "android": "expo start --android",
      "ios": "expo start --ios",
      "web": "expo start --web"
    },
    "dependencies": {
      "expo": "~48.0.10",
      "expo-status-bar": "~1.4.4",
      "react": "18.2.0",
      "react-native": "0.71.6"
    },
    "devDependencies": {
      "@babel/core": "^7.20.0"
    },
    "private": true
  }

yarn manifest: 
  No manifest

Lockfile: 
  No lockfile
